0 info it worked if it ends with ok
1 verbose cli [ '/Users/jeffscottward/.nvm/versions/node/v6.10.3/bin/node',
1 verbose cli   '/Users/jeffscottward/.nvm/versions/node/v6.10.3/bin/npm',
1 verbose cli   'start' ]
2 info using npm@3.10.10
3 info using node@v6.10.3
4 verbose run-script [ 'prestart', 'start', 'poststart' ]
5 info lifecycle gulp-pug-sass-starter@1.0.0~prestart: gulp-pug-sass-starter@1.0.0
6 silly lifecycle gulp-pug-sass-starter@1.0.0~prestart: no script for prestart, continuing
7 info lifecycle gulp-pug-sass-starter@1.0.0~start: gulp-pug-sass-starter@1.0.0
8 verbose lifecycle gulp-pug-sass-starter@1.0.0~start: unsafe-perm in lifecycle true
9 verbose lifecycle gulp-pug-sass-starter@1.0.0~start: PATH: /Users/jeffscottward/.nvm/versions/node/v6.10.3/lib/node_modules/npm/bin/node-gyp-bin:/Users/jeffscottward/Documents/Development/Github/ConsenSys/uPort/docs/node_modules/.bin:/Users/jeffscottward/.rvm/gems/ruby-2.3.1/bin:/Users/jeffscottward/.rvm/gems/ruby-2.3.1@global/bin:/Users/jeffscottward/.rvm/rubies/ruby-2.3.1/bin:/Users/jeffscottward/.nvm/versions/node/v6.10.3/bin:/usr/local/bin:/usr/bin:/bin:/usr/sbin:/sbin:/bin:/Users/jeffscottward/Library/Android/sdk/platform-tools:/Users/jeffscottward/.rvm/bin
10 verbose lifecycle gulp-pug-sass-starter@1.0.0~start: CWD: /Users/jeffscottward/Documents/Development/Github/ConsenSys/uPort/docs
11 silly lifecycle gulp-pug-sass-starter@1.0.0~start: Args: [ '-c', 'gulp' ]
12 silly lifecycle gulp-pug-sass-starter@1.0.0~start: Returned: code: 1  signal: null
13 info lifecycle gulp-pug-sass-starter@1.0.0~start: Failed to exec start script
14 verbose stack Error: gulp-pug-sass-starter@1.0.0 start: `gulp`
14 verbose stack Exit status 1
14 verbose stack     at EventEmitter.<anonymous> (/Users/jeffscottward/.nvm/versions/node/v6.10.3/lib/node_modules/npm/lib/utils/lifecycle.js:255:16)
14 verbose stack     at emitTwo (events.js:106:13)
14 verbose stack     at EventEmitter.emit (events.js:191:7)
14 verbose stack     at ChildProcess.<anonymous> (/Users/jeffscottward/.nvm/versions/node/v6.10.3/lib/node_modules/npm/lib/utils/spawn.js:40:14)
14 verbose stack     at emitTwo (events.js:106:13)
14 verbose stack     at ChildProcess.emit (events.js:191:7)
14 verbose stack     at maybeClose (internal/child_process.js:886:16)
14 verbose stack     at Process.ChildProcess._handle.onexit (internal/child_process.js:226:5)
15 verbose pkgid gulp-pug-sass-starter@1.0.0
16 verbose cwd /Users/jeffscottward/Documents/Development/Github/ConsenSys/uPort/docs
17 error Darwin 16.7.0
18 error argv "/Users/jeffscottward/.nvm/versions/node/v6.10.3/bin/node" "/Users/jeffscottward/.nvm/versions/node/v6.10.3/bin/npm" "start"
19 error node v6.10.3
20 error npm  v3.10.10
21 error code ELIFECYCLE
22 error gulp-pug-sass-starter@1.0.0 start: `gulp`
22 error Exit status 1
23 error Failed at the gulp-pug-sass-starter@1.0.0 start script 'gulp'.
23 error Make sure you have the latest version of node.js and npm installed.
23 error If you do, this is most likely a problem with the gulp-pug-sass-starter package,
23 error not with npm itself.
23 error Tell the author that this fails on your system:
23 error     gulp
23 error You can get information on how to open an issue for this project with:
23 error     npm bugs gulp-pug-sass-starter
23 error Or if that isn't available, you can get their info via:
23 error     npm owner ls gulp-pug-sass-starter
23 error There is likely additional logging output above.
24 verbose exit [ 1, true ]
